0 info it worked if it ends with ok
1 verbose cli [ '/usr/local/bin/node', '/usr/local/bin/npm', 'run', 'build' ]
2 info using npm@3.7.5
3 info using node@v4.3.1
4 verbose run-script [ 'prebuild', 'build', 'postbuild' ]
5 info lifecycle bbcat@0.0.1~prebuild: bbcat@0.0.1
6 silly lifecycle bbcat@0.0.1~prebuild: no script for prebuild, continuing
7 info lifecycle bbcat@0.0.1~build: bbcat@0.0.1
8 verbose lifecycle bbcat@0.0.1~build: unsafe-perm in lifecycle true
9 verbose lifecycle bbcat@0.0.1~build: PATH: /usr/local/lib/node_modules/npm/bin/node-gyp-bin:/Users/matthewparadis/Desktop/ve_dev/bbcat-js/node_modules/.bin:/usr/local/bin:/usr/local/bin:/usr/bin:/bin:/usr/sbin:/sbin:/opt/X11/bin
10 verbose lifecycle bbcat@0.0.1~build: CWD: /Users/matthewparadis/Desktop/ve_dev/bbcat-js
11 silly lifecycle bbcat@0.0.1~build: Args: [ '-c',
11 silly lifecycle   'npm run lint && npm run test && npm run doc && npm run webpack' ]
12 silly lifecycle bbcat@0.0.1~build: Returned: code: 1  signal: null
13 info lifecycle bbcat@0.0.1~build: Failed to exec build script
14 verbose stack Error: bbcat@0.0.1 build: `npm run lint && npm run test && npm run doc && npm run webpack`
14 verbose stack Exit status 1
14 verbose stack     at EventEmitter.<anonymous> (/usr/local/lib/node_modules/npm/lib/utils/lifecycle.js:239:16)
14 verbose stack     at emitTwo (events.js:87:13)
14 verbose stack     at EventEmitter.emit (events.js:172:7)
14 verbose stack     at ChildProcess.<anonymous> (/usr/local/lib/node_modules/npm/lib/utils/spawn.js:24:14)
14 verbose stack     at emitTwo (events.js:87:13)
14 verbose stack     at ChildProcess.emit (events.js:172:7)
14 verbose stack     at maybeClose (internal/child_process.js:821:16)
14 verbose stack     at Process.ChildProcess._handle.onexit (internal/child_process.js:211:5)
15 verbose pkgid bbcat@0.0.1
16 verbose cwd /Users/matthewparadis/Desktop/ve_dev/bbcat-js
17 error Darwin 15.0.0
18 error argv "/usr/local/bin/node" "/usr/local/bin/npm" "run" "build"
19 error node v4.3.1
20 error npm  v3.7.5
21 error code ELIFECYCLE
22 error bbcat@0.0.1 build: `npm run lint && npm run test && npm run doc && npm run webpack`
22 error Exit status 1
23 error Failed at the bbcat@0.0.1 build script 'npm run lint && npm run test && npm run doc && npm run webpack'.
23 error Make sure you have the latest version of node.js and npm installed.
23 error If you do, this is most likely a problem with the bbcat package,
23 error not with npm itself.
23 error Tell the author that this fails on your system:
23 error     npm run lint && npm run test && npm run doc && npm run webpack
23 error You can get information on how to open an issue for this project with:
23 error     npm bugs bbcat
23 error Or if that isn't available, you can get their info via:
23 error     npm owner ls bbcat
23 error There is likely additional logging output above.
24 verbose exit [ 1, true ]
