{"level":"info","message":"Multi-tenant session controller created.","timestamp":"11:45:16"}
{"level":"info","message":"Discovered  wallclockservice-6677  :  {\"port\":6677,\"host\":\"192.168.1.156\"}","timestamp":"11:45:16"}
{"level":"info","message":"Discovered  wallclockservice-6676  :  {\"port\":6676,\"host\":\"192.168.1.156\"}","timestamp":"11:45:16"}
{"level":"info","message":"Discovered  mosquitto-1883  :  {\"port\":1883,\"host\":\"192.168.1.156\"}","timestamp":"11:45:16"}
{"level":"info","message":"Discovered  redis  :  {\"port\":6379,\"host\":\"192.168.1.156\"}","timestamp":"11:45:16"}
{"level":"info","message":"Multi-tenant Session Controller started.  true","timestamp":"11:45:17"}
{"level":"info","message":"connecting to Redis endpoint {\"port\":6379,\"host\":\"192.168.1.156\"}","timestamp":"11:45:16"}
{"level":"info","message":"connected to redis.","timestamp":"11:45:16"}
{"redis":{"host":"192.168.1.156","port":6379},"log":{"enabled":1,"options":{"level":"trace"}},"monitor":{"enabled":true,"host":"192.168.1.156","port":3000},"level":"info","message":"","timestamp":"11:45:16"}
{"level":"info","message":"Listening to requests on channel:  Sessions/REQ","timestamp":"11:45:17"}
{"level":"info","message":"Connected to mqtt broker: 192.168.1.156:1883","timestamp":"11:45:17"}
{"level":"info","message":"Received JoinREQ from device: f7585065-f521-45aa-9a64-3a48b325af48","timestamp":"11:47:53"}
{"level":"info","message":"created  session:  rajiv_session_2","timestamp":"11:47:53"}
{"level":"info","message":"SessionController listening to session ' rajiv_session_2 ' REQ channel: Sessions/rajiv_session_2/REQ","timestamp":"11:47:53"}
{"level":"info","message":"SessionController listening to session ' rajiv_session_2 ' RESP channel: Sessions/rajiv_session_2/RESP","timestamp":"11:47:53"}
{"level":"info","message":"SessionController listening to session ' rajiv_session_2 ' lastwill channel: Sessions/rajiv_session_2/lastwill","timestamp":"11:47:53"}
{"level":"info","message":"Received TimelineRegistrationREQ from device: f7585065-f521-45aa-9a64-3a48b325af48","timestamp":"11:47:54"}
{"level":"info","message":"request.useForSessionSync: true","timestamp":"11:47:54"}
{"level":"info","message":"Received TimelineREQ from device: f7585065-f521-45aa-9a64-3a48b325af48","timestamp":"11:47:54"}
{"level":"info","message":"Device  f7585065-f521-45aa-9a64-3a48b325af48  has left the session  rajiv_session_2","timestamp":"11:48:16"}
{"level":"info","message":"Device f7585065-f521-45aa-9a64-3a48b325af48  removed from session  rajiv_session_2","timestamp":"11:48:16"}
{"level":"info","message":"Session ' rajiv_session_2 ' deleted.","timestamp":"11:48:16"}
{"level":"info","message":"Received JoinREQ from device: 21d9d29f-87f8-466c-b523-247c8bfd2722","timestamp":"11:56:04"}
{"level":"info","message":"created  session:  rajiv_session_2","timestamp":"11:56:04"}
{"level":"info","message":"SessionController listening to session ' rajiv_session_2 ' REQ channel: Sessions/rajiv_session_2/REQ","timestamp":"11:56:04"}
{"level":"info","message":"SessionController listening to session ' rajiv_session_2 ' RESP channel: Sessions/rajiv_session_2/RESP","timestamp":"11:56:04"}
{"level":"info","message":"SessionController listening to session ' rajiv_session_2 ' lastwill channel: Sessions/rajiv_session_2/lastwill","timestamp":"11:56:04"}
{"level":"info","message":"Received TimelineRegistrationREQ from device: 21d9d29f-87f8-466c-b523-247c8bfd2722","timestamp":"11:56:04"}
{"level":"info","message":"request.useForSessionSync: true","timestamp":"11:56:04"}
{"level":"info","message":"Received TimelineREQ from device: 21d9d29f-87f8-466c-b523-247c8bfd2722","timestamp":"11:56:04"}
{"level":"info","message":"Device  21d9d29f-87f8-466c-b523-247c8bfd2722  has left the session  rajiv_session_2","timestamp":"11:56:25"}
{"level":"info","message":"Device 21d9d29f-87f8-466c-b523-247c8bfd2722  removed from session  rajiv_session_2","timestamp":"11:56:25"}
{"level":"info","message":"Session ' rajiv_session_2 ' deleted.","timestamp":"11:56:25"}
{"level":"info","message":"Received JoinREQ from device: b432be22-35dd-4a9e-8d86-bb2c18e4196f","timestamp":"12:19:29"}
{"level":"info","message":"created  session:  rajiv_session_2","timestamp":"12:19:29"}
{"level":"info","message":"SessionController listening to session ' rajiv_session_2 ' REQ channel: Sessions/rajiv_session_2/REQ","timestamp":"12:19:29"}
{"level":"info","message":"SessionController listening to session ' rajiv_session_2 ' RESP channel: Sessions/rajiv_session_2/RESP","timestamp":"12:19:29"}
{"level":"info","message":"SessionController listening to session ' rajiv_session_2 ' lastwill channel: Sessions/rajiv_session_2/lastwill","timestamp":"12:19:29"}
{"level":"info","message":"Received TimelineRegistrationREQ from device: b432be22-35dd-4a9e-8d86-bb2c18e4196f","timestamp":"12:19:30"}
{"level":"info","message":"request.useForSessionSync: true","timestamp":"12:19:30"}
{"level":"info","message":"Received TimelineREQ from device: b432be22-35dd-4a9e-8d86-bb2c18e4196f","timestamp":"12:19:30"}
{"level":"info","message":"Device  b432be22-35dd-4a9e-8d86-bb2c18e4196f  has left the session  rajiv_session_2","timestamp":"12:19:48"}
{"level":"info","message":"Device b432be22-35dd-4a9e-8d86-bb2c18e4196f  removed from session  rajiv_session_2","timestamp":"12:19:48"}
{"level":"info","message":"Session ' rajiv_session_2 ' deleted.","timestamp":"12:19:48"}
{"level":"info","message":"Received JoinREQ from device: 568ce80a-ad9b-443c-aacb-7c08899431d1","timestamp":"12:34:31"}
{"level":"info","message":"created  session:  rajiv_session_2","timestamp":"12:34:31"}
{"level":"info","message":"SessionController listening to session ' rajiv_session_2 ' REQ channel: Sessions/rajiv_session_2/REQ","timestamp":"12:34:31"}
{"level":"info","message":"SessionController listening to session ' rajiv_session_2 ' RESP channel: Sessions/rajiv_session_2/RESP","timestamp":"12:34:31"}
{"level":"info","message":"SessionController listening to session ' rajiv_session_2 ' lastwill channel: Sessions/rajiv_session_2/lastwill","timestamp":"12:34:31"}
{"level":"info","message":"Received TimelineRegistrationREQ from device: 568ce80a-ad9b-443c-aacb-7c08899431d1","timestamp":"12:34:31"}
{"level":"info","message":"request.useForSessionSync: true","timestamp":"12:34:31"}
{"level":"info","message":"Received TimelineREQ from device: 568ce80a-ad9b-443c-aacb-7c08899431d1","timestamp":"12:34:31"}
{"level":"info","message":"Device  568ce80a-ad9b-443c-aacb-7c08899431d1  has left the session  rajiv_session_2","timestamp":"12:34:46"}
{"level":"info","message":"Device 568ce80a-ad9b-443c-aacb-7c08899431d1  removed from session  rajiv_session_2","timestamp":"12:34:46"}
{"level":"info","message":"Session ' rajiv_session_2 ' deleted.","timestamp":"12:34:46"}
{"level":"info","message":"Received JoinREQ from device: 68b78701-b043-4a97-b60b-d1950e677f9c","timestamp":"13:04:43"}
{"level":"info","message":"created  session:  rajiv_session_2","timestamp":"13:04:43"}
{"level":"info","message":"SessionController listening to session ' rajiv_session_2 ' REQ channel: Sessions/rajiv_session_2/REQ","timestamp":"13:04:43"}
{"level":"info","message":"SessionController listening to session ' rajiv_session_2 ' RESP channel: Sessions/rajiv_session_2/RESP","timestamp":"13:04:43"}
{"level":"info","message":"SessionController listening to session ' rajiv_session_2 ' lastwill channel: Sessions/rajiv_session_2/lastwill","timestamp":"13:04:43"}
{"level":"info","message":"Received TimelineRegistrationREQ from device: 68b78701-b043-4a97-b60b-d1950e677f9c","timestamp":"13:04:44"}
{"level":"info","message":"request.useForSessionSync: true","timestamp":"13:04:44"}
{"level":"info","message":"Received TimelineREQ from device: 68b78701-b043-4a97-b60b-d1950e677f9c","timestamp":"13:04:44"}
{"level":"info","message":"Device  68b78701-b043-4a97-b60b-d1950e677f9c  has left the session  rajiv_session_2","timestamp":"13:05:18"}
{"level":"info","message":"Device 68b78701-b043-4a97-b60b-d1950e677f9c  removed from session  rajiv_session_2","timestamp":"13:05:18"}
{"level":"info","message":"Session ' rajiv_session_2 ' deleted.","timestamp":"13:05:18"}
{"level":"info","message":"Received JoinREQ from device: 72111cfd-6020-466b-b6ca-88f600811cf6","timestamp":"13:14:56"}
{"level":"info","message":"created  session:  rajiv_session_2","timestamp":"13:14:56"}
{"level":"info","message":"SessionController listening to session ' rajiv_session_2 ' REQ channel: Sessions/rajiv_session_2/REQ","timestamp":"13:14:56"}
{"level":"info","message":"SessionController listening to session ' rajiv_session_2 ' RESP channel: Sessions/rajiv_session_2/RESP","timestamp":"13:14:56"}
{"level":"info","message":"SessionController listening to session ' rajiv_session_2 ' lastwill channel: Sessions/rajiv_session_2/lastwill","timestamp":"13:14:56"}
{"level":"info","message":"Received TimelineRegistrationREQ from device: 72111cfd-6020-466b-b6ca-88f600811cf6","timestamp":"13:14:57"}
{"level":"info","message":"request.useForSessionSync: true","timestamp":"13:14:57"}
{"level":"info","message":"Received TimelineREQ from device: 72111cfd-6020-466b-b6ca-88f600811cf6","timestamp":"13:14:57"}
{"level":"info","message":"Received JoinREQ from device: ea882558-411f-43c8-931d-dbae06723afb","timestamp":"13:15:10"}
{"level":"info","message":"Received TimelineRegistrationREQ from device: ea882558-411f-43c8-931d-dbae06723afb","timestamp":"13:15:10"}
{"level":"info","message":"request.useForSessionSync: true","timestamp":"13:15:10"}
{"level":"info","message":"Received TimelineREQ from device: ea882558-411f-43c8-931d-dbae06723afb","timestamp":"13:15:10"}
{"level":"info","message":"Received TimelineSubscriptionREQ from device: ea882558-411f-43c8-931d-dbae06723afb","timestamp":"13:15:10"}
{"level":"info","message":"Device  ea882558-411f-43c8-931d-dbae06723afb  has left the session  rajiv_session_2","timestamp":"13:15:22"}
{"level":"info","message":"Device ea882558-411f-43c8-931d-dbae06723afb  removed from session  rajiv_session_2","timestamp":"13:15:22"}
{"level":"info","message":"Device  72111cfd-6020-466b-b6ca-88f600811cf6  has left the session  rajiv_session_2","timestamp":"13:15:32"}
{"level":"info","message":"Device 72111cfd-6020-466b-b6ca-88f600811cf6  removed from session  rajiv_session_2","timestamp":"13:15:32"}
{"level":"info","message":"Session ' rajiv_session_2 ' deleted.","timestamp":"13:15:33"}
{"level":"info","message":"stopped listening to channels","timestamp":"13:45:07"}
{"level":"info","message":"Multi-tenant session controller created.","timestamp":"15:02:30"}
{"level":"error","message":"Query for service wallclockservice-6677   failed.","timestamp":"15:02:30"}
{"level":"error","message":"Query for service wallclockservice-6677   failed.","timestamp":"15:02:30"}
{"level":"error","message":"Query for service wallclockservice-6677   failed.","timestamp":"15:02:32"}
{"level":"error","message":"Query for service wallclockservice-6677   failed.","timestamp":"15:02:34"}
{"level":"error","message":"Query for service wallclockservice-6677   failed.","timestamp":"15:02:36"}
{"level":"error","message":"Query for service wallclockservice-6677   failed.","timestamp":"15:02:38"}
{"level":"error","message":"Query for service wallclockservice-6677   failed.","timestamp":"15:02:40"}
{"level":"error","message":"Query for service wallclockservice-6677   failed.","timestamp":"15:02:42"}
{"level":"error","message":"Query for service wallclockservice-6677   failed.","timestamp":"15:02:44"}
{"level":"error","message":"Query for service wallclockservice-6677   failed.","timestamp":"15:02:46"}
{"level":"error","message":"Query for service wallclockservice-6677   failed.","timestamp":"15:02:48"}
{"level":"error","message":"Query for service wallclockservice-6676   failed.","timestamp":"15:02:50"}
{"level":"error","message":"Query for service wallclockservice-6676   failed.","timestamp":"15:02:52"}
{"level":"error","message":"Query for service wallclockservice-6676   failed.","timestamp":"15:02:54"}
{"level":"error","message":"Query for service wallclockservice-6676   failed.","timestamp":"15:02:56"}
{"level":"error","message":"Query for service wallclockservice-6676   failed.","timestamp":"15:02:58"}
{"level":"error","message":"Query for service wallclockservice-6676   failed.","timestamp":"15:03:00"}
{"level":"error","message":"Query for service wallclockservice-6676   failed.","timestamp":"15:03:02"}
{"level":"error","message":"Query for service wallclockservice-6676   failed.","timestamp":"15:03:04"}
{"level":"error","message":"Query for service wallclockservice-6676   failed.","timestamp":"15:03:06"}
{"level":"error","message":"Query for service wallclockservice-6676   failed.","timestamp":"15:03:08"}
{"level":"error","message":"Query for service mosquitto-1883   failed.","timestamp":"15:03:10"}
{"level":"error","message":"Query for service mosquitto-1883   failed.","timestamp":"15:03:12"}
{"level":"error","message":"Query for service mosquitto-1883   failed.","timestamp":"15:03:14"}
{"level":"error","message":"Query for service mosquitto-1883   failed.","timestamp":"15:03:16"}
{"level":"error","message":"Query for service mosquitto-1883   failed.","timestamp":"15:03:18"}
{"level":"error","message":"Query for service mosquitto-1883   failed.","timestamp":"15:03:20"}
{"level":"error","message":"Query for service mosquitto-1883   failed.","timestamp":"15:03:22"}
{"level":"error","message":"Query for service mosquitto-1883   failed.","timestamp":"15:03:24"}
{"level":"error","message":"Query for service mosquitto-1883   failed.","timestamp":"15:03:26"}
{"level":"error","message":"Query for service mosquitto-1883   failed.","timestamp":"15:03:28"}
{"level":"error","message":"Query for service redis   failed.","timestamp":"15:03:30"}
{"level":"error","message":"Query for service redis   failed.","timestamp":"15:03:32"}
{"level":"error","message":"Query for service redis   failed.","timestamp":"15:03:34"}
{"level":"error","message":"Query for service redis   failed.","timestamp":"15:03:36"}
{"level":"error","message":"Query for service redis   failed.","timestamp":"15:03:38"}
{"level":"error","message":"Query for service redis   failed.","timestamp":"15:03:40"}
{"level":"error","message":"Query for service redis   failed.","timestamp":"15:03:42"}
{"level":"error","message":"Query for service redis   failed.","timestamp":"15:03:44"}
{"level":"error","message":"Query for service redis   failed.","timestamp":"15:03:46"}
{"level":"error","message":"Query for service redis   failed.","timestamp":"15:03:48"}
{"level":"info","message":"Multi-tenant session controller created.","timestamp":"15:04:17"}
{"level":"info","message":"Discovered  wallclockservice-6677  :  {\"port\":6677,\"host\":\"192.168.1.156\"}","timestamp":"15:04:18"}
{"level":"info","message":"Discovered  wallclockservice-6676  :  {\"port\":6676,\"host\":\"192.168.1.156\"}","timestamp":"15:04:18"}
{"level":"info","message":"Discovered  mosquitto-1883  :  {\"port\":1883,\"host\":\"192.168.1.156\"}","timestamp":"15:04:18"}
{"level":"info","message":"Discovered  redis  :  {\"port\":6379,\"host\":\"192.168.1.156\"}","timestamp":"15:04:18"}
{"level":"info","message":"Multi-tenant Session Controller started.  true","timestamp":"15:04:18"}
{"level":"info","message":"connecting to Redis endpoint {\"port\":6379,\"host\":\"192.168.1.156\"}","timestamp":"15:04:18"}
{"level":"info","message":"connected to redis.","timestamp":"15:04:18"}
{"redis":{"host":"192.168.1.156","port":6379},"log":{"enabled":0,"options":{"level":"trace"}},"monitor":{"enabled":true,"host":"192.168.1.156","port":3000},"level":"info","message":"","timestamp":"15:04:18"}
{"level":"info","message":"Listening to requests on channel:  Sessions/REQ","timestamp":"15:04:18"}
{"level":"info","message":"Connected to mqtt broker: 192.168.1.156:1883","timestamp":"15:04:18"}
{"level":"info","message":"Received JoinREQ from device: 92800b38-0f85-4a38-9911-4d4fa089c7fb","timestamp":"15:06:42"}
{"level":"info","message":"created  session:  rajiv_session_2","timestamp":"15:06:42"}
{"level":"info","message":"SessionController listening to session ' rajiv_session_2 ' REQ channel: Sessions/rajiv_session_2/REQ","timestamp":"15:06:42"}
{"level":"info","message":"SessionController listening to session ' rajiv_session_2 ' RESP channel: Sessions/rajiv_session_2/RESP","timestamp":"15:06:42"}
{"level":"info","message":"SessionController listening to session ' rajiv_session_2 ' lastwill channel: Sessions/rajiv_session_2/lastwill","timestamp":"15:06:42"}
{"level":"info","message":"Received TimelineRegistrationREQ from device: 92800b38-0f85-4a38-9911-4d4fa089c7fb","timestamp":"15:06:43"}
{"level":"info","message":"request.useForSessionSync: true","timestamp":"15:06:43"}
{"level":"info","message":"Received TimelineREQ from device: 92800b38-0f85-4a38-9911-4d4fa089c7fb","timestamp":"15:06:43"}
{"level":"info","message":"Device  92800b38-0f85-4a38-9911-4d4fa089c7fb  has left the session  rajiv_session_2","timestamp":"15:06:56"}
{"level":"info","message":"Device 92800b38-0f85-4a38-9911-4d4fa089c7fb  removed from session  rajiv_session_2","timestamp":"15:06:56"}
{"level":"info","message":"Session ' rajiv_session_2 ' deleted.","timestamp":"15:06:56"}
{"level":"info","message":"Received JoinREQ from device: ac08615c-e0da-42f5-80f0-956c047f6b0b","timestamp":"15:08:23"}
{"level":"info","message":"created  session:  rajiv_session_2","timestamp":"15:08:23"}
{"level":"info","message":"SessionController listening to session ' rajiv_session_2 ' REQ channel: Sessions/rajiv_session_2/REQ","timestamp":"15:08:23"}
{"level":"info","message":"SessionController listening to session ' rajiv_session_2 ' RESP channel: Sessions/rajiv_session_2/RESP","timestamp":"15:08:23"}
{"level":"info","message":"SessionController listening to session ' rajiv_session_2 ' lastwill channel: Sessions/rajiv_session_2/lastwill","timestamp":"15:08:23"}
{"level":"info","message":"Received TimelineRegistrationREQ from device: ac08615c-e0da-42f5-80f0-956c047f6b0b","timestamp":"15:08:24"}
{"level":"info","message":"request.useForSessionSync: true","timestamp":"15:08:24"}
{"level":"info","message":"Received TimelineREQ from device: ac08615c-e0da-42f5-80f0-956c047f6b0b","timestamp":"15:08:24"}
{"level":"info","message":"Device  ac08615c-e0da-42f5-80f0-956c047f6b0b  has left the session  rajiv_session_2","timestamp":"15:08:33"}
{"level":"info","message":"Device ac08615c-e0da-42f5-80f0-956c047f6b0b  removed from session  rajiv_session_2","timestamp":"15:08:33"}
{"level":"info","message":"Session ' rajiv_session_2 ' deleted.","timestamp":"15:08:33"}
{"level":"info","message":"Received JoinREQ from device: e73eac4e-b686-4108-8700-7443cea0fb56","timestamp":"15:12:21"}
{"level":"info","message":"created  session:  rajiv_session_2","timestamp":"15:12:21"}
{"level":"info","message":"SessionController listening to session ' rajiv_session_2 ' REQ channel: Sessions/rajiv_session_2/REQ","timestamp":"15:12:21"}
{"level":"info","message":"SessionController listening to session ' rajiv_session_2 ' RESP channel: Sessions/rajiv_session_2/RESP","timestamp":"15:12:21"}
{"level":"info","message":"SessionController listening to session ' rajiv_session_2 ' lastwill channel: Sessions/rajiv_session_2/lastwill","timestamp":"15:12:21"}
{"level":"info","message":"Received TimelineRegistrationREQ from device: e73eac4e-b686-4108-8700-7443cea0fb56","timestamp":"15:12:21"}
{"level":"info","message":"request.useForSessionSync: true","timestamp":"15:12:21"}
{"level":"info","message":"Received TimelineREQ from device: e73eac4e-b686-4108-8700-7443cea0fb56","timestamp":"15:12:21"}
{"level":"info","message":"Device  e73eac4e-b686-4108-8700-7443cea0fb56  has left the session  rajiv_session_2","timestamp":"15:13:54"}
{"level":"info","message":"Device e73eac4e-b686-4108-8700-7443cea0fb56  removed from session  rajiv_session_2","timestamp":"15:13:54"}
{"level":"info","message":"Session ' rajiv_session_2 ' deleted.","timestamp":"15:13:54"}
{"level":"info","message":"Received JoinREQ from device: 30015548-d3b2-4c66-bf9a-bb9194ab819b","timestamp":"15:14:21"}
{"level":"info","message":"created  session:  rajiv_session_2","timestamp":"15:14:21"}
{"level":"info","message":"SessionController listening to session ' rajiv_session_2 ' REQ channel: Sessions/rajiv_session_2/REQ","timestamp":"15:14:21"}
{"level":"info","message":"SessionController listening to session ' rajiv_session_2 ' RESP channel: Sessions/rajiv_session_2/RESP","timestamp":"15:14:21"}
{"level":"info","message":"SessionController listening to session ' rajiv_session_2 ' lastwill channel: Sessions/rajiv_session_2/lastwill","timestamp":"15:14:21"}
{"level":"info","message":"Received TimelineRegistrationREQ from device: 30015548-d3b2-4c66-bf9a-bb9194ab819b","timestamp":"15:14:22"}
{"level":"info","message":"request.useForSessionSync: true","timestamp":"15:14:22"}
{"level":"info","message":"Received TimelineREQ from device: 30015548-d3b2-4c66-bf9a-bb9194ab819b","timestamp":"15:14:22"}
{"level":"info","message":"Device  30015548-d3b2-4c66-bf9a-bb9194ab819b  has left the session  rajiv_session_2","timestamp":"15:14:33"}
{"level":"info","message":"Device 30015548-d3b2-4c66-bf9a-bb9194ab819b  removed from session  rajiv_session_2","timestamp":"15:14:33"}
{"level":"info","message":"Session ' rajiv_session_2 ' deleted.","timestamp":"15:14:33"}
{"level":"info","message":"stopped listening to channels","timestamp":"15:15:37"}
{"level":"info","message":"Multi-tenant session controller created.","timestamp":"15:15:38"}
{"level":"info","message":"Discovered  wallclockservice-6677  :  {\"port\":6677,\"host\":\"192.168.1.156\"}","timestamp":"15:15:38"}
{"level":"info","message":"Discovered  wallclockservice-6676  :  {\"port\":6676,\"host\":\"192.168.1.156\"}","timestamp":"15:15:38"}
{"level":"info","message":"Discovered  mosquitto-1883  :  {\"port\":1883,\"host\":\"192.168.1.156\"}","timestamp":"15:15:38"}
{"level":"info","message":"Discovered  redis  :  {\"port\":6379,\"host\":\"192.168.1.156\"}","timestamp":"15:15:38"}
{"level":"info","message":"Multi-tenant Session Controller started.  true","timestamp":"15:15:38"}
{"level":"info","message":"connecting to Redis endpoint {\"port\":6379,\"host\":\"192.168.1.156\"}","timestamp":"15:15:38"}
{"level":"info","message":"connected to redis.","timestamp":"15:15:38"}
{"redis":{"host":"192.168.1.156","port":6379},"log":{"enabled":0,"options":{"level":"trace"}},"monitor":{"enabled":true,"host":"192.168.1.156","port":3000},"level":"info","message":"","timestamp":"15:15:38"}
{"level":"info","message":"Listening to requests on channel:  Sessions/REQ","timestamp":"15:15:38"}
{"level":"info","message":"Connected to mqtt broker: 192.168.1.156:1883","timestamp":"15:15:38"}
{"level":"info","message":"Received JoinREQ from device: 37f963a9-30cf-4fed-acfd-3310d33b51ee","timestamp":"15:16:00"}
{"level":"info","message":"created  session:  rajiv_session_2","timestamp":"15:16:00"}
{"level":"info","message":"SessionController listening to session ' rajiv_session_2 ' REQ channel: Sessions/rajiv_session_2/REQ","timestamp":"15:16:00"}
{"level":"info","message":"SessionController listening to session ' rajiv_session_2 ' RESP channel: Sessions/rajiv_session_2/RESP","timestamp":"15:16:00"}
{"level":"info","message":"SessionController listening to session ' rajiv_session_2 ' lastwill channel: Sessions/rajiv_session_2/lastwill","timestamp":"15:16:00"}
{"level":"info","message":"Received TimelineRegistrationREQ from device: 37f963a9-30cf-4fed-acfd-3310d33b51ee","timestamp":"15:16:00"}
{"level":"info","message":"request.useForSessionSync: true","timestamp":"15:16:00"}
{"level":"info","message":"Received TimelineREQ from device: 37f963a9-30cf-4fed-acfd-3310d33b51ee","timestamp":"15:16:00"}
{"level":"info","message":"Device  37f963a9-30cf-4fed-acfd-3310d33b51ee  has left the session  rajiv_session_2","timestamp":"15:16:42"}
{"level":"info","message":"Device 37f963a9-30cf-4fed-acfd-3310d33b51ee  removed from session  rajiv_session_2","timestamp":"15:16:43"}
{"level":"info","message":"Session ' rajiv_session_2 ' deleted.","timestamp":"15:16:43"}
{"level":"info","message":"stopped listening to channels","timestamp":"15:21:26"}
{"level":"info","message":"Multi-tenant session controller created.","timestamp":"15:21:29"}
{"level":"info","message":"Discovered  wallclockservice-6677  :  {\"port\":6677,\"host\":\"192.168.1.156\"}","timestamp":"15:21:29"}
{"level":"info","message":"Discovered  wallclockservice-6676  :  {\"port\":6676,\"host\":\"192.168.1.156\"}","timestamp":"15:21:29"}
{"level":"info","message":"Discovered  mosquitto-1883  :  {\"port\":1883,\"host\":\"192.168.1.156\"}","timestamp":"15:21:29"}
{"level":"info","message":"Discovered  redis  :  {\"port\":6379,\"host\":\"192.168.1.156\"}","timestamp":"15:21:29"}
{"level":"info","message":"Multi-tenant Session Controller started.  true","timestamp":"15:21:29"}
{"level":"info","message":"connecting to Redis endpoint {\"port\":6379,\"host\":\"192.168.1.156\"}","timestamp":"15:21:29"}
{"level":"info","message":"connected to redis.","timestamp":"15:21:29"}
{"redis":{"host":"192.168.1.156","port":6379},"log":{"enabled":0,"options":{"level":"trace"}},"monitor":{"enabled":true,"host":"192.168.1.156","port":3000},"level":"info","message":"","timestamp":"15:21:29"}
{"level":"info","message":"Listening to requests on channel:  Sessions/REQ","timestamp":"15:21:29"}
{"level":"info","message":"Connected to mqtt broker: 192.168.1.156:1883","timestamp":"15:21:29"}
{"level":"info","message":"Received JoinREQ from device: 0fd383a6-2fa5-4f87-a242-8b10eeb1695f","timestamp":"15:21:54"}
{"level":"info","message":"created  session:  rajiv_session_2","timestamp":"15:21:54"}
{"level":"info","message":"SessionController listening to session ' rajiv_session_2 ' REQ channel: Sessions/rajiv_session_2/REQ","timestamp":"15:21:54"}
{"level":"info","message":"SessionController listening to session ' rajiv_session_2 ' RESP channel: Sessions/rajiv_session_2/RESP","timestamp":"15:21:54"}
{"level":"info","message":"SessionController listening to session ' rajiv_session_2 ' lastwill channel: Sessions/rajiv_session_2/lastwill","timestamp":"15:21:54"}
{"level":"info","message":"Received TimelineRegistrationREQ from device: 0fd383a6-2fa5-4f87-a242-8b10eeb1695f","timestamp":"15:21:54"}
{"level":"info","message":"request.useForSessionSync: true","timestamp":"15:21:54"}
{"level":"info","message":"Received TimelineREQ from device: 0fd383a6-2fa5-4f87-a242-8b10eeb1695f","timestamp":"15:21:55"}
{"level":"info","message":"Device  0fd383a6-2fa5-4f87-a242-8b10eeb1695f  has left the session  rajiv_session_2","timestamp":"15:23:05"}
{"level":"info","message":"Device 0fd383a6-2fa5-4f87-a242-8b10eeb1695f  removed from session  rajiv_session_2","timestamp":"15:23:05"}
{"level":"info","message":"Session ' rajiv_session_2 ' deleted.","timestamp":"15:23:05"}
{"level":"info","message":"stopped listening to channels","timestamp":"15:24:28"}
{"level":"info","message":"Multi-tenant session controller created.","timestamp":"15:24:29"}
{"level":"info","message":"Discovered  wallclockservice-6677  :  {\"port\":6677,\"host\":\"192.168.1.156\"}","timestamp":"15:24:30"}
{"level":"info","message":"Discovered  wallclockservice-6676  :  {\"port\":6676,\"host\":\"192.168.1.156\"}","timestamp":"15:24:30"}
{"level":"info","message":"Discovered  mosquitto-1883  :  {\"port\":1883,\"host\":\"192.168.1.156\"}","timestamp":"15:24:30"}
{"level":"info","message":"Discovered  redis  :  {\"port\":6379,\"host\":\"192.168.1.156\"}","timestamp":"15:24:30"}
{"level":"info","message":"Multi-tenant Session Controller started.  true","timestamp":"15:24:30"}
{"level":"info","message":"connecting to Redis endpoint {\"port\":6379,\"host\":\"192.168.1.156\"}","timestamp":"15:24:30"}
{"level":"info","message":"connected to redis.","timestamp":"15:24:30"}
{"redis":{"host":"192.168.1.156","port":6379},"log":{"enabled":0,"options":{"level":"trace"}},"monitor":{"enabled":true,"host":"192.168.1.156","port":3000},"level":"info","message":"","timestamp":"15:24:30"}
{"level":"info","message":"Listening to requests on channel:  Sessions/REQ","timestamp":"15:24:30"}
{"level":"info","message":"Connected to mqtt broker: 192.168.1.156:1883","timestamp":"15:24:30"}
{"level":"info","message":"Received JoinREQ from device: 2c5522b1-8b82-48fd-9d70-6d679fee75c6","timestamp":"15:24:36"}
{"level":"info","message":"created  session:  rajiv_session_2","timestamp":"15:24:36"}
{"level":"info","message":"SessionController listening to session ' rajiv_session_2 ' REQ channel: Sessions/rajiv_session_2/REQ","timestamp":"15:24:36"}
{"level":"info","message":"SessionController listening to session ' rajiv_session_2 ' RESP channel: Sessions/rajiv_session_2/RESP","timestamp":"15:24:36"}
{"level":"info","message":"SessionController listening to session ' rajiv_session_2 ' lastwill channel: Sessions/rajiv_session_2/lastwill","timestamp":"15:24:36"}
{"level":"info","message":"Received TimelineRegistrationREQ from device: 2c5522b1-8b82-48fd-9d70-6d679fee75c6","timestamp":"15:24:36"}
{"level":"info","message":"request.useForSessionSync: true","timestamp":"15:24:36"}
{"level":"info","message":"Received TimelineREQ from device: 2c5522b1-8b82-48fd-9d70-6d679fee75c6","timestamp":"15:24:36"}
{"level":"info","message":"Device  2c5522b1-8b82-48fd-9d70-6d679fee75c6  has left the session  rajiv_session_2","timestamp":"15:26:41"}
{"level":"info","message":"Device 2c5522b1-8b82-48fd-9d70-6d679fee75c6  removed from session  rajiv_session_2","timestamp":"15:26:41"}
{"level":"info","message":"Session ' rajiv_session_2 ' deleted.","timestamp":"15:26:41"}
{"level":"info","message":"stopped listening to channels","timestamp":"15:35:09"}
{"level":"info","message":"Multi-tenant session controller created.","timestamp":"15:35:11"}
{"level":"info","message":"Discovered  wallclockservice-6677  :  {\"port\":6677,\"host\":\"192.168.1.156\"}","timestamp":"15:35:11"}
{"level":"info","message":"Discovered  wallclockservice-6676  :  {\"port\":6676,\"host\":\"192.168.1.156\"}","timestamp":"15:35:11"}
{"level":"info","message":"Discovered  mosquitto-1883  :  {\"port\":1883,\"host\":\"192.168.1.156\"}","timestamp":"15:35:11"}
{"level":"info","message":"Discovered  redis  :  {\"port\":6379,\"host\":\"192.168.1.156\"}","timestamp":"15:35:11"}
{"level":"info","message":"Multi-tenant Session Controller started.  true","timestamp":"15:35:11"}
{"level":"info","message":"connecting to Redis endpoint {\"port\":6379,\"host\":\"192.168.1.156\"}","timestamp":"15:35:11"}
{"level":"info","message":"connected to redis.","timestamp":"15:35:11"}
{"redis":{"host":"192.168.1.156","port":6379},"log":{"enabled":0,"options":{"level":"trace"}},"monitor":{"enabled":true,"host":"192.168.1.156","port":3000},"level":"info","message":"","timestamp":"15:35:11"}
{"level":"info","message":"Listening to requests on channel:  Sessions/REQ","timestamp":"15:35:11"}
{"level":"info","message":"Connected to mqtt broker: 192.168.1.156:1883","timestamp":"15:35:11"}
{"level":"info","message":"Received JoinREQ from device: 79d21d7e-52bb-470c-95dc-06124e4facf3","timestamp":"15:35:18"}
{"level":"info","message":"created  session:  rajiv_session_2","timestamp":"15:35:18"}
{"level":"info","message":"SessionController listening to session ' rajiv_session_2 ' REQ channel: Sessions/rajiv_session_2/REQ","timestamp":"15:35:18"}
{"level":"info","message":"SessionController listening to session ' rajiv_session_2 ' RESP channel: Sessions/rajiv_session_2/RESP","timestamp":"15:35:18"}
{"level":"info","message":"SessionController listening to session ' rajiv_session_2 ' lastwill channel: Sessions/rajiv_session_2/lastwill","timestamp":"15:35:18"}
{"level":"info","message":"Received TimelineRegistrationREQ from device: 79d21d7e-52bb-470c-95dc-06124e4facf3","timestamp":"15:35:19"}
{"level":"info","message":"request.useForSessionSync: true","timestamp":"15:35:19"}
{"level":"info","message":"Received TimelineREQ from device: 79d21d7e-52bb-470c-95dc-06124e4facf3","timestamp":"15:35:19"}
{"level":"info","message":"Device  79d21d7e-52bb-470c-95dc-06124e4facf3  has left the session  rajiv_session_2","timestamp":"15:35:55"}
{"level":"info","message":"Device 79d21d7e-52bb-470c-95dc-06124e4facf3  removed from session  rajiv_session_2","timestamp":"15:35:55"}
{"level":"info","message":"Session ' rajiv_session_2 ' deleted.","timestamp":"15:35:55"}
{"level":"info","message":"stopped listening to channels","timestamp":"16:09:29"}
{"level":"info","message":"Multi-tenant session controller created.","timestamp":"16:09:31"}
{"level":"info","message":"Discovered  wallclockservice-6677  :  {\"port\":6677,\"host\":\"192.168.1.156\"}","timestamp":"16:09:31"}
{"level":"info","message":"Discovered  wallclockservice-6676  :  {\"port\":6676,\"host\":\"192.168.1.156\"}","timestamp":"16:09:31"}
{"level":"info","message":"Discovered  mosquitto-1883  :  {\"port\":1883,\"host\":\"192.168.1.156\"}","timestamp":"16:09:31"}
{"level":"info","message":"Discovered  redis  :  {\"port\":6379,\"host\":\"192.168.1.156\"}","timestamp":"16:09:31"}
{"level":"info","message":"Multi-tenant Session Controller started.  true","timestamp":"16:09:31"}
{"level":"info","message":"connecting to Redis endpoint {\"port\":6379,\"host\":\"192.168.1.156\"}","timestamp":"16:09:31"}
{"level":"info","message":"connected to redis.","timestamp":"16:09:31"}
{"redis":{"host":"192.168.1.156","port":6379},"log":{"enabled":0,"options":{"level":"trace"}},"monitor":{"enabled":true,"host":"192.168.1.156","port":3000},"level":"info","message":"","timestamp":"16:09:31"}
{"level":"info","message":"Listening to requests on channel:  Sessions/REQ","timestamp":"16:09:31"}
{"level":"info","message":"Connected to mqtt broker: 192.168.1.156:1883","timestamp":"16:09:31"}
{"level":"info","message":"Received JoinREQ from device: e2b07d67-7c63-4949-a6af-bdf12cb36f32","timestamp":"16:09:38"}
{"level":"info","message":"created  session:  rajiv_session_2","timestamp":"16:09:38"}
{"level":"info","message":"SessionController listening to session ' rajiv_session_2 ' REQ channel: Sessions/rajiv_session_2/REQ","timestamp":"16:09:38"}
{"level":"info","message":"SessionController listening to session ' rajiv_session_2 ' RESP channel: Sessions/rajiv_session_2/RESP","timestamp":"16:09:38"}
{"level":"info","message":"SessionController listening to session ' rajiv_session_2 ' lastwill channel: Sessions/rajiv_session_2/lastwill","timestamp":"16:09:38"}
{"level":"info","message":"Received TimelineRegistrationREQ from device: e2b07d67-7c63-4949-a6af-bdf12cb36f32","timestamp":"16:09:38"}
{"level":"info","message":"request.useForSessionSync: true","timestamp":"16:09:38"}
{"level":"info","message":"Received TimelineREQ from device: e2b07d67-7c63-4949-a6af-bdf12cb36f32","timestamp":"16:09:38"}
{"level":"info","message":"Device  e2b07d67-7c63-4949-a6af-bdf12cb36f32  has left the session  rajiv_session_2","timestamp":"16:09:47"}
{"level":"info","message":"Device e2b07d67-7c63-4949-a6af-bdf12cb36f32  removed from session  rajiv_session_2","timestamp":"16:09:47"}
{"level":"info","message":"Session ' rajiv_session_2 ' deleted.","timestamp":"16:09:47"}
{"level":"info","message":"stopped listening to channels","timestamp":"16:41:13"}
{"level":"info","message":"Multi-tenant session controller created.","timestamp":"16:58:40"}
{"level":"info","message":"Discovered  wallclockservice-6677  :  {\"port\":6677,\"host\":\"192.168.1.156\"}","timestamp":"16:58:40"}
{"level":"info","message":"Discovered  wallclockservice-6676  :  {\"port\":6676,\"host\":\"192.168.1.156\"}","timestamp":"16:58:40"}
{"level":"info","message":"Discovered  mosquitto-1883  :  {\"port\":1883,\"host\":\"192.168.1.156\"}","timestamp":"16:58:40"}
{"level":"info","message":"Discovered  redis  :  {\"port\":6379,\"host\":\"192.168.1.156\"}","timestamp":"16:58:40"}
{"level":"info","message":"Multi-tenant Session Controller started.  true","timestamp":"16:58:40"}
{"level":"info","message":"connecting to Redis endpoint {\"port\":6379,\"host\":\"192.168.1.156\"}","timestamp":"16:58:40"}
{"level":"info","message":"connected to redis.","timestamp":"16:58:40"}
{"redis":{"host":"192.168.1.156","port":6379},"log":{"enabled":0,"options":{"level":"trace"}},"monitor":{"enabled":true,"host":"192.168.1.156","port":3000},"level":"info","message":"","timestamp":"16:58:40"}
{"level":"info","message":"Listening to requests on channel:  Sessions/REQ","timestamp":"16:58:40"}
{"level":"info","message":"Connected to mqtt broker: 192.168.1.156:1883","timestamp":"16:58:40"}
{"level":"info","message":"Received JoinREQ from device: c930b696-0e5d-49aa-ae0b-12cf9b00c240","timestamp":"16:58:45"}
{"level":"info","message":"created  session:  rajiv_session_2","timestamp":"16:58:45"}
{"level":"info","message":"SessionController listening to session ' rajiv_session_2 ' REQ channel: Sessions/rajiv_session_2/REQ","timestamp":"16:58:45"}
{"level":"info","message":"SessionController listening to session ' rajiv_session_2 ' RESP channel: Sessions/rajiv_session_2/RESP","timestamp":"16:58:45"}
{"level":"info","message":"SessionController listening to session ' rajiv_session_2 ' lastwill channel: Sessions/rajiv_session_2/lastwill","timestamp":"16:58:45"}
{"level":"info","message":"Received TimelineRegistrationREQ from device: c930b696-0e5d-49aa-ae0b-12cf9b00c240","timestamp":"16:58:46"}
{"level":"info","message":"request.useForSessionSync: true","timestamp":"16:58:46"}
{"level":"info","message":"Received TimelineREQ from device: c930b696-0e5d-49aa-ae0b-12cf9b00c240","timestamp":"16:58:46"}
{"level":"info","message":"Device  c930b696-0e5d-49aa-ae0b-12cf9b00c240  has left the session  rajiv_session_2","timestamp":"16:59:05"}
{"level":"info","message":"Device c930b696-0e5d-49aa-ae0b-12cf9b00c240  removed from session  rajiv_session_2","timestamp":"16:59:05"}
{"level":"info","message":"Session ' rajiv_session_2 ' deleted.","timestamp":"16:59:05"}
{"level":"info","message":"stopped listening to channels","timestamp":"17:01:02"}
